a/client/src/actions/board-membership.js
a/client/src/actions/board.js
a/client/src/actions/core.js
a/client/src/actions/project-manager.js
a/client/src/actions/router.js
a/client/src/actions/socket.js
a/client/src/components/BoardActions/BoardActions.jsx
a/client/src/components/BoardActions/Filters.jsx
a/client/src/components/Card/ActionsPopup.jsx
a/client/src/components/Card/Card.jsx
a/client/src/components/CardModal/CardModal.jsx
a/client/src/sagas/core/requests/board.js
a/client/src/sagas/core/requests/core.js
a/client/src/sagas/core/services/board-membership.js
a/client/src/sagas/core/services/board.js
a/client/src/sagas/core/services/core.js
a/client/src/sagas/core/services/index.js
a/client/src/sagas/core/services/label.js
a/client/src/sagas/core/services/list.js
a/client/src/sagas/core/services/project-manager.js
a/client/src/sagas/core/services/router.js
a/client/src/sagas/core/services/socket.js
a/client/src/sagas/core/watchers/index.js
a/client/src/sagas/core/watchers/socket.js
